<?xml version="1.0" encoding="UTF-8"?>
<!-- Generated by org.testng.reporters.JUnitReportReporter -->
<testsuite skipped="0" hostname="SG-LT-122" name="utils.ExcelDataProvider" tests="3" failures="0" timestamp="2020-10-10T21:43:01 IST" time="65.995" errors="0">
  <testcase name="test1" time="20.887" classname="utils.ExcelDataProvider"/>
  <system-out/>
  <testcase name="test1" time="20.923" classname="utils.ExcelDataProvider"/>
  <system-out/>
  <testcase name="test1" time="24.185" classname="utils.ExcelDataProvider"/>
  <system-out/>
</testsuite> <!-- utils.ExcelDataProvider -->
