<?xml version="1.0" encoding="UTF-8"?>
<!-- Generated by org.testng.reporters.JUnitReportReporter -->
<testsuite skipped="0" hostname="SG-LT-122" name="demo.TestNGGroupsDemo" tests="4" failures="0" timestamp="2020-10-14T20:33:17 IST" time="0.022" errors="0">
  <testcase name="test1" time="0.014" classname="demo.TestNGGroupsDemo"/>
  <system-out/>
  <testcase name="test2" time="0.003" classname="demo.TestNGGroupsDemo"/>
  <system-out/>
  <testcase name="test3" time="0.001" classname="demo.TestNGGroupsDemo"/>
  <system-out/>
  <testcase name="test4" time="0.004" classname="demo.TestNGGroupsDemo"/>
  <system-out/>
</testsuite> <!-- demo.TestNGGroupsDemo -->
