<?xml version="1.0" encoding="UTF-8"?>
<!-- Generated by org.testng.reporters.JUnitReportReporter -->
<testsuite skipped="0" hostname="SG-LT-122" name="demo.TestNGDependencyDemo" tests="3" failures="0" timestamp="2020-10-17T19:39:16 IST" time="0.018" errors="0">
  <testcase name="test2" time="0.015" classname="demo.TestNGDependencyDemo"/>
  <system-out/>
  <testcase name="test3" time="0.002" classname="demo.TestNGDependencyDemo"/>
  <system-out/>
  <testcase name="test1" time="0.001" classname="demo.TestNGDependencyDemo"/>
  <system-out/>
</testsuite> <!-- demo.TestNGDependencyDemo -->
