<?xml version="1.0" encoding="UTF-8"?>
<!-- Generated by org.testng.reporters.JUnitReportReporter -->
<testsuite skipped="0" hostname="SG-LT-122" name="test.ExtentReportDemoWithTestNG" tests="2" failures="0" timestamp="2020-10-03T20:18:38 IST" time="6.359" errors="0">
  <testcase name="test1" time="0.003" classname="test.ExtentReportDemoWithTestNG"/>
  <system-out/>
  <testcase name="test" time="6.356" classname="test.ExtentReportDemoWithTestNG"/>
  <system-out/>
</testsuite> <!-- test.ExtentReportDemoWithTestNG -->
