<?xml version="1.0" encoding="UTF-8"?>
<!-- Generated by org.testng.reporters.JUnitReportReporter -->
<testsuite skipped="1" hostname="SG-LT-122" name="demo.TestNGIgnoreDemo" tests="2" failures="0" timestamp="2020-10-17T19:34:11 IST" time="0.019" errors="0">
  <testcase name="test2" time="0.019" classname="demo.TestNGIgnoreDemo"/>
  <system-out/>
  <testcase name="test1" classname="demo.TestNGIgnoreDemo">
    <skipped/>
  </testcase> <!-- test1 -->
  <system-out/>
</testsuite> <!-- demo.TestNGIgnoreDemo -->
