<?xml version="1.0" encoding="UTF-8"?>
<!-- Generated by org.testng.reporters.JUnitReportReporter -->
<testsuite skipped="0" hostname="SG-LT-122" name="demo.TestNGPriorityDemo" tests="3" failures="0" timestamp="2020-10-12T22:01:51 IST" time="0.017" errors="0">
  <testcase name="test3" time="0.014" classname="demo.TestNGPriorityDemo"/>
  <system-out/>
  <testcase name="test1" time="0.002" classname="demo.TestNGPriorityDemo"/>
  <system-out/>
  <testcase name="test2" time="0.001" classname="demo.TestNGPriorityDemo"/>
  <system-out/>
</testsuite> <!-- demo.TestNGPriorityDemo -->
